# JRE version: OpenJDK Runtime Environment Microsoft-7208460 (11.0.18+10) (build 11.0.18+10-LTS)
# Java VM: OpenJDK 64-Bit Server VM Microsoft-7208460 (11.0.18+10-LTS, mixed mode, tiered, compressed oops, g1 gc, windows-amd64)
Heap:
 garbage-first heap   total 497664K, used 175684K [0x0000000704200000, 0x0000000800000000)
  region size 1024K, 127 young (130048K), 17 survivors (17408K)
 Metaspace       used 70138K, capacity 71080K, committed 71376K, reserved 1112064K
  class space    used 7689K, capacity 8055K, committed 8188K, reserved 1048576K
GC Heap History (18 events):
Event: 1.459 GC heap before
{Heap before GC invocations=0 (full 0):
 garbage-first heap   total 258048K, used 27648K [0x0000000704200000, 0x0000000800000000)
  region size 1024K, 24 young (24576K), 0 survivors (0K)
 Metaspace       used 12390K, capacity 12504K, committed 12800K, reserved 1060864K
  class space    used 1150K, capacity 1207K, committed 1280K, reserved 1048576K
}
Event: 1.689 GC heap after
{Heap after GC invocations=1 (full 0):
 garbage-first heap   total 258048K, used 5821K [0x0000000704200000, 0x0000000800000000)
  region size 1024K, 3 young (3072K), 3 survivors (3072K)
 Metaspace       used 12390K, capacity 12504K, committed 12800K, reserved 1060864K
  class space    used 1150K, capacity 1207K, committed 1280K, reserved 1048576K
}
Event: 4.046 GC heap before
{Heap before GC invocations=1 (full 0):
 garbage-first heap   total 258048K, used 41661K [0x0000000704200000, 0x0000000800000000)
  region size 1024K, 39 young (39936K), 3 survivors (3072K)
 Metaspace       used 21011K, capacity 21182K, committed 21248K, reserved 1069056K
  class space    used 2213K, capacity 2280K, committed 2304K, reserved 1048576K
}
Event: 4.061 GC heap after
{Heap after GC invocations=2 (full 0):
 garbage-first heap   total 258048K, used 9443K [0x0000000704200000, 0x0000000800000000)
  region size 1024K, 7 young (7168K), 7 survivors (7168K)
 Metaspace       used 21011K, capacity 21182K, committed 21248K, reserved 1069056K
  class space    used 2213K, capacity 2280K, committed 2304K, reserved 1048576K
}
Event: 6.485 GC heap before
{Heap before GC invocations=3 (full 0):
 garbage-first heap   total 258048K, used 65763K [0x0000000704200000, 0x0000000800000000)
  region size 1024K, 57 young (58368K), 7 survivors (7168K)
 Metaspace       used 33030K, capacity 33439K, committed 33788K, reserved 1079296K
  class space    used 4072K, capacity 4246K, committed 4348K, reserved 1048576K
}
Event: 6.499 GC heap after
{Heap after GC invocations=4 (full 0):
 garbage-first heap   total 258048K, used 20865K [0x0000000704200000, 0x0000000800000000)
  region size 1024K, 8 young (8192K), 8 survivors (8192K)
 Metaspace       used 33030K, capacity 33439K, committed 33788K, reserved 1079296K
  class space    used 4072K, capacity 4246K, committed 4348K, reserved 1048576K
}
Event: 6.729 GC heap before
{Heap before GC invocations=4 (full 0):
 garbage-first heap   total 258048K, used 27009K [0x0000000704200000, 0x0000000800000000)
  region size 1024K, 14 young (14336K), 8 survivors (8192K)
 Metaspace       used 34453K, capacity 34879K, committed 35196K, reserved 1079296K
  class space    used 4225K, capacity 4406K, committed 4476K, reserved 1048576K
}
Event: 6.737 GC heap after
{Heap after GC invocations=5 (full 0):
 garbage-first heap   total 258048K, used 22536K [0x0000000704200000, 0x0000000800000000)
  region size 1024K, 2 young (2048K), 2 survivors (2048K)
 Metaspace       used 34453K, capacity 34879K, committed 35196K, reserved 1079296K
  class space    used 4225K, capacity 4406K, committed 4476K, reserved 1048576K
}
Event: 7.000 GC heap before
{Heap before GC invocations=5 (full 0):
 garbage-first heap   total 258048K, used 27656K [0x0000000704200000, 0x0000000800000000)
  region size 1024K, 8 young (8192K), 2 survivors (2048K)
 Metaspace       used 35486K, capacity 35883K, committed 36048K, reserved 1081344K
  class space    used 4333K, capacity 4506K, committed 4604K, reserved 1048576K
}
Event: 7.002 GC heap after
{Heap after GC invocations=6 (full 0):
 garbage-first heap   total 258048K, used 20604K [0x0000000704200000, 0x0000000800000000)
  region size 1024K, 2 young (2048K), 2 survivors (2048K)
 Metaspace       used 35486K, capacity 35883K, committed 36048K, reserved 1081344K
  class space    used 4333K, capacity 4506K, committed 4604K, reserved 1048576K
}
Event: 10.840 GC heap before
{Heap before GC invocations=7 (full 0):
 garbage-first heap   total 258048K, used 100476K [0x0000000704200000, 0x0000000800000000)
  region size 1024K, 77 young (78848K), 2 survivors (2048K)
 Metaspace       used 48776K, capacity 49295K, committed 49488K, reserved 1093632K
  class space    used 5640K, capacity 5869K, committed 6012K, reserved 1048576K
}
Event: 10.858 GC heap after
{Heap after GC invocations=8 (full 0):
 garbage-first heap   total 258048K, used 33128K [0x0000000704200000, 0x0000000800000000)
  region size 1024K, 10 young (10240K), 10 survivors (10240K)
 Metaspace       used 48776K, capacity 49295K, committed 49488K, reserved 1093632K
  class space    used 5640K, capacity 5869K, committed 6012K, reserved 1048576K
}
Event: 14.769 GC heap before
{Heap before GC invocations=8 (full 0):
 garbage-first heap   total 258048K, used 109928K [0x0000000704200000, 0x0000000800000000)
  region size 1024K, 85 young (87040K), 10 survivors (10240K)
 Metaspace       used 59284K, capacity 60092K, committed 60240K, reserved 1101824K
  class space    used 6907K, capacity 7232K, committed 7292K, reserved 1048576K
}
Event: 14.800 GC heap after
{Heap after GC invocations=9 (full 0):
 garbage-first heap   total 258048K, used 41716K [0x0000000704200000, 0x0000000800000000)
  region size 1024K, 9 young (9216K), 9 survivors (9216K)
 Metaspace       used 59284K, capacity 60092K, committed 60240K, reserved 1101824K
  class space    used 6907K, capacity 7232K, committed 7292K, reserved 1048576K
}
Event: 15.063 GC heap before
{Heap before GC invocations=9 (full 0):
 garbage-first heap   total 258048K, used 44788K [0x0000000704200000, 0x0000000800000000)
  region size 1024K, 13 young (13312K), 9 survivors (9216K)
 Metaspace       used 59613K, capacity 60376K, committed 60496K, reserved 1101824K
  class space    used 6920K, capacity 7238K, committed 7292K, reserved 1048576K
}
Event: 15.084 GC heap after
{Heap after GC invocations=10 (full 0):
 garbage-first heap   total 497664K, used 43465K [0x0000000704200000, 0x0000000800000000)
  region size 1024K, 2 young (2048K), 2 survivors (2048K)
 Metaspace       used 59613K, capacity 60376K, committed 60496K, reserved 1101824K
  class space    used 6920K, capacity 7238K, committed 7292K, reserved 1048576K
}
Event: 25.070 GC heap before
{Heap before GC invocations=11 (full 0):
 garbage-first heap   total 497664K, used 180681K [0x0000000704200000, 0x0000000800000000)
  region size 1024K, 136 young (139264K), 2 survivors (2048K)
 Metaspace       used 67498K, capacity 68387K, committed 68560K, reserved 1110016K
  class space    used 7512K, capacity 7870K, committed 7932K, reserved 1048576K
}
Event: 25.154 GC heap after
{Heap after GC invocations=12 (full 0):
 garbage-first heap   total 497664K, used 60996K [0x0000000704200000, 0x0000000800000000)
  region size 1024K, 17 young (17408K), 17 survivors (17408K)
 Metaspace       used 67498K, capacity 68387K, committed 68560K, reserved 1110016K
  class space    used 7512K, capacity 7870K, committed 7932K, reserved 1048576K
}

